18.9619 	WARNING 	User requested fullscreen with size [1366  768], but screen is actually [1440, 900]. Using actual size
19.8601 	EXP 	Created window1 = Window(allowGUI=False, allowStencil=False, args=UNKNOWN, autoLog=True, bitsMode=UNKNOWN, blendMode='avg', color='black', colorSpace='named', fullscr=<method-wrapper '__getattribute__' of attributeSetter object at 0x127d95c88>, gamma=None, kwargs=UNKNOWN, lms=UNKNOWN, monitor=<psychopy.monitors.calibTools.Monitor object at 0x12a8aac18>, multiSample=False, name='window1', numSamples=2, pos=[0.0, 0.0], screen=0, size=array([1440,  900]), stereo=False, units='norm', useFBO=True, useRetina=False, viewOri=0.0, viewPos=None, viewScale=None, waitBlanking=True, winType='pyglet')
19.8602 	EXP 	window1: recordFrameIntervals = False
20.0249 	EXP 	window1: recordFrameIntervals = True
20.2090 	EXP 	window1: recordFrameIntervals = False
20.4337 	EXP 	Created text_2 = TextStim(__class__=<class 'psychopy.visual.text.TextStim'>, alignHoriz='center', alignVert='center', antialias=True, autoLog=True, bold=False, color='white', colorSpace='named', contrast=1.0, depth=0.0, flipHoriz=False, flipVert=False, font='Arial', fontFiles=[], height=0.1, italic=False, languageStyle='LTR', name='text_2', opacity=1.0, ori=0, pos=array([0., 0.]), rgb=array([255., 255., 255.]), text=str(...), units='norm', win=Window(...), wrapWidth=1)
20.4549 	EXP 	Created image = ImageStim(__class__=<class 'psychopy.visual.image.ImageStim'>, autoLog=True, color=array([1., 1., 1.]), colorSpace='rgb', contrast=1.0, depth=0.0, flipHoriz=False, flipVert=False, image='sin', interpolate=True, mask=None, maskParams=None, name='image', opacity=1.0, ori=0.0, pos=array([0., 0.]), size=array([0.282, 0.5  ]), texRes=128, units='norm', win=Window(...))
20.5918 	EXP 	Created image_2 = ImageStim(__class__=<class 'psychopy.visual.image.ImageStim'>, autoLog=True, color=array([1., 1., 1.]), colorSpace='rgb', contrast=1.0, depth=0.0, flipHoriz=False, flipVert=False, image='fixationCross.png', interpolate=True, mask=None, maskParams=None, name='image_2', opacity=1.0, ori=0.0, pos=array([0., 0.]), size=array([0.141, 0.25 ]), texRes=128, units='norm', win=Window(...))
20.6099 	EXP 	text_2: autoDraw = True
21.6227 	EXP 	Imported direction.xlsx as conditions, 4 conditions, 1 params
21.6259 	EXP 	Created sequence: random, trialTypes=4, nReps=10, seed=None
21.6267 	EXP 	New trial (rep=0, index=0): OrderedDict([('Direction', 'Down.png')])
21.6790 	EXP 	text_2: autoDraw = False
21.6790 	EXP 	text_2: autoDraw = False
21.6790 	EXP 	image: image = 'Down.png'
21.6790 	EXP 	image: autoDraw = True
24.6210 	EXP 	image: autoDraw = False
24.6210 	EXP 	image_2: autoDraw = True
27.0119 	EXP 	New trial (rep=0, index=1): OrderedDict([('Direction', 'Right.png')])
27.0439 	EXP 	image_2: autoDraw = False
27.0439 	EXP 	image_2: autoDraw = False
27.0439 	EXP 	image: image = 'Right.png'
27.0439 	EXP 	image: autoDraw = True
30.0183 	EXP 	image: autoDraw = False
30.0183 	EXP 	image: autoDraw = False
30.0183 	EXP 	image_2: autoDraw = True
32.4436 	EXP 	New trial (rep=0, index=2): OrderedDict([('Direction', 'Up.png')])
32.4761 	EXP 	image_2: autoDraw = False
32.4761 	EXP 	image_2: autoDraw = False
32.4761 	EXP 	image: image = 'Up.png'
32.4761 	EXP 	image: autoDraw = True
35.4498 	EXP 	image: autoDraw = False
35.4498 	EXP 	image: autoDraw = False
35.4498 	EXP 	image_2: autoDraw = True
37.5238 	EXP 	New trial (rep=0, index=3): OrderedDict([('Direction', 'Left.png')])
37.5563 	EXP 	image_2: autoDraw = False
37.5563 	EXP 	image_2: autoDraw = False
37.5563 	EXP 	image: image = 'Left.png'
37.5563 	EXP 	image: autoDraw = True
38.5827 	DATA 	Keypress: escape
38.8997 	EXP 	window1: mouseVisible = True
