9.4071 	WARNING 	User requested fullscreen with size [1366  768], but screen is actually [1440, 900]. Using actual size
10.1389 	EXP 	Created window1 = Window(allowGUI=False, allowStencil=False, args=UNKNOWN, autoLog=True, bitsMode=UNKNOWN, blendMode='avg', color='black', colorSpace='named', fullscr=<method-wrapper '__getattribute__' of attributeSetter object at 0x124f8bd68>, gamma=None, kwargs=UNKNOWN, lms=UNKNOWN, monitor=<psychopy.monitors.calibTools.Monitor object at 0x12a00e1d0>, multiSample=False, name='window1', numSamples=2, pos=[0.0, 0.0], screen=0, size=array([1440,  900]), stereo=False, units='norm', useFBO=True, useRetina=False, viewOri=0.0, viewPos=None, viewScale=None, waitBlanking=True, winType='pyglet')
10.1390 	EXP 	window1: recordFrameIntervals = False
10.3047 	EXP 	window1: recordFrameIntervals = True
10.4894 	EXP 	window1: recordFrameIntervals = False
10.6865 	EXP 	Created text_2 = TextStim(__class__=<class 'psychopy.visual.text.TextStim'>, alignHoriz='center', alignVert='center', antialias=True, autoLog=True, bold=False, color='white', colorSpace='named', contrast=1.0, depth=0.0, flipHoriz=False, flipVert=False, font='Arial', fontFiles=[], height=0.1, italic=False, languageStyle='LTR', name='text_2', opacity=1.0, ori=0, pos=array([0., 0.]), rgb=array([255., 255., 255.]), text=str(...), units='norm', win=Window(...), wrapWidth=1)
10.6913 	EXP 	Created image = ImageStim(__class__=<class 'psychopy.visual.image.ImageStim'>, autoLog=True, color=array([1., 1., 1.]), colorSpace='rgb', contrast=1.0, depth=0.0, flipHoriz=False, flipVert=False, image='sin', interpolate=True, mask=None, maskParams=None, name='image', opacity=1.0, ori=0.0, pos=array([0., 0.]), size=array([0.282, 0.5  ]), texRes=128, units='norm', win=Window(...))
10.8261 	EXP 	Created image_2 = ImageStim(__class__=<class 'psychopy.visual.image.ImageStim'>, autoLog=True, color=array([1., 1., 1.]), colorSpace='rgb', contrast=1.0, depth=0.0, flipHoriz=False, flipVert=False, image='fixationCross.png', interpolate=True, mask=None, maskParams=None, name='image_2', opacity=1.0, ori=0.0, pos=array([0., 0.]), size=array([0.141, 0.25 ]), texRes=128, units='norm', win=Window(...))
10.8409 	EXP 	text_2: autoDraw = True
11.8496 	EXP 	Imported direction.xlsx as conditions, 4 conditions, 1 params
11.8504 	EXP 	Created sequence: random, trialTypes=4, nReps=10, seed=None
11.8509 	EXP 	New trial (rep=0, index=0): OrderedDict([('Direction', 'Left.png')])
11.8950 	EXP 	text_2: autoDraw = False
11.8950 	EXP 	image: image = 'Left.png'
11.8950 	EXP 	image: autoDraw = True
14.8510 	EXP 	image: autoDraw = False
14.8510 	EXP 	image_2: autoDraw = True
17.2245 	EXP 	New trial (rep=0, index=1): OrderedDict([('Direction', 'Right.png')])
17.2571 	EXP 	image_2: autoDraw = False
17.2571 	EXP 	image_2: autoDraw = False
17.2571 	EXP 	image: image = 'Right.png'
17.2571 	EXP 	image: autoDraw = True
17.7959 	DATA 	Keypress: escape
18.0677 	EXP 	window1: mouseVisible = True
