9.0781 	WARNING 	User requested fullscreen with size [1366  768], but screen is actually [1440, 900]. Using actual size
9.8392 	EXP 	Created window1 = Window(allowGUI=False, allowStencil=False, args=UNKNOWN, autoLog=True, bitsMode=UNKNOWN, blendMode='avg', color='black', colorSpace='named', fullscr=<method-wrapper '__getattribute__' of attributeSetter object at 0x126f5ac88>, gamma=None, kwargs=UNKNOWN, lms=UNKNOWN, monitor=<psychopy.monitors.calibTools.Monitor object at 0x129de9be0>, multiSample=False, name='window1', numSamples=2, pos=[0.0, 0.0], screen=0, size=array([1440,  900]), stereo=False, units='norm', useFBO=True, useRetina=False, viewOri=0.0, viewPos=None, viewScale=None, waitBlanking=True, winType='pyglet')
9.8392 	EXP 	window1: recordFrameIntervals = False
10.0070 	EXP 	window1: recordFrameIntervals = True
10.1911 	EXP 	window1: recordFrameIntervals = False
10.4285 	EXP 	Created text_2 = TextStim(__class__=<class 'psychopy.visual.text.TextStim'>, alignHoriz='center', alignVert='center', antialias=True, autoLog=True, bold=False, color='grey', colorSpace='named', contrast=1.0, depth=0.0, flipHoriz=False, flipVert=False, font='Arial', fontFiles=[], height=0.1, italic=False, languageStyle='LTR', name='text_2', opacity=1.0, ori=0, pos=array([0., 0.]), rgb=array([128., 128., 128.]), text=str(...), units='norm', win=Window(...), wrapWidth=1)
10.4313 	EXP 	Created image = ImageStim(__class__=<class 'psychopy.visual.image.ImageStim'>, autoLog=True, color=array([1., 1., 1.]), colorSpace='rgb', contrast=1.0, depth=0.0, flipHoriz=False, flipVert=False, image='sin', interpolate=True, mask=None, maskParams=None, name='image', opacity=1.0, ori=0.0, pos=array([0., 0.]), size=array([0.282, 0.5  ]), texRes=128, units='norm', win=Window(...))
10.5617 	EXP 	Created image_2 = ImageStim(__class__=<class 'psychopy.visual.image.ImageStim'>, autoLog=True, color=array([1., 1., 1.]), colorSpace='rgb', contrast=1.0, depth=0.0, flipHoriz=False, flipVert=False, image='fixationCross.png', interpolate=True, mask=None, maskParams=None, name='image_2', opacity=1.0, ori=0.0, pos=array([0., 0.]), size=array([0.141, 0.25 ]), texRes=128, units='norm', win=Window(...))
10.5745 	EXP 	text_2: autoDraw = True
17.5747 	EXP 	Imported direction.xlsx as conditions, 4 conditions, 1 params
17.5752 	EXP 	Created sequence: random, trialTypes=4, nReps=15, seed=None
17.5756 	EXP 	New trial (rep=0, index=0): OrderedDict([('Direction', 'Down.png')])
17.6264 	EXP 	text_2: autoDraw = False
17.6264 	EXP 	text_2: autoDraw = False
17.6264 	EXP 	image: image = 'Down.png'
17.6264 	EXP 	image: autoDraw = True
21.5882 	EXP 	image: autoDraw = False
21.5882 	EXP 	image_2: autoDraw = True
22.1648 	DATA 	Keypress: escape
22.4419 	EXP 	window1: mouseVisible = True
