502.2904 	WARNING 	User requested fullscreen with size [1366  768], but screen is actually [1440, 900]. Using actual size
503.5526 	EXP 	Created window1 = Window(allowGUI=False, allowStencil=False, args=UNKNOWN, autoLog=True, bitsMode=UNKNOWN, blendMode='avg', color='black', colorSpace='named', fullscr=<method-wrapper '__getattribute__' of attributeSetter object at 0x1287d4cc0>, gamma=None, kwargs=UNKNOWN, lms=UNKNOWN, monitor=<psychopy.monitors.calibTools.Monitor object at 0x129cb7b00>, multiSample=False, name='window1', numSamples=2, pos=[0.0, 0.0], screen=0, size=array([1440,  900]), stereo=False, units='norm', useFBO=True, useRetina=False, viewOri=0.0, viewPos=None, viewScale=None, waitBlanking=True, winType='pyglet')
503.5528 	EXP 	window1: recordFrameIntervals = False
503.7174 	EXP 	window1: recordFrameIntervals = True
503.9017 	EXP 	window1: recordFrameIntervals = False
504.2568 	EXP 	Created text_2 = TextStim(__class__=<class 'psychopy.visual.text.TextStim'>, alignHoriz='center', alignVert='center', antialias=True, autoLog=True, bold=False, color='white', colorSpace='named', contrast=1.0, depth=0.0, flipHoriz=False, flipVert=False, font='Arial', fontFiles=[], height=0.1, italic=False, languageStyle='LTR', name='text_2', opacity=1.0, ori=0, pos=array([0., 0.]), rgb=array([255., 255., 255.]), text=str(...), units='norm', win=Window(...), wrapWidth=1)
504.2884 	EXP 	Created image = ImageStim(__class__=<class 'psychopy.visual.image.ImageStim'>, autoLog=True, color=array([1., 1., 1.]), colorSpace='rgb', contrast=1.0, depth=0.0, flipHoriz=False, flipVert=False, image='sin', interpolate=True, mask=None, maskParams=None, name='image', opacity=1.0, ori=0.0, pos=array([0., 0.]), size=array([0.282, 0.5  ]), texRes=128, units='norm', win=Window(...))
504.4383 	EXP 	Created image_2 = ImageStim(__class__=<class 'psychopy.visual.image.ImageStim'>, autoLog=True, color=array([1., 1., 1.]), colorSpace='rgb', contrast=1.0, depth=0.0, flipHoriz=False, flipVert=False, image='fixationCross.png', interpolate=True, mask=None, maskParams=None, name='image_2', opacity=1.0, ori=0.0, pos=array([0., 0.]), size=array([0.141, 0.25 ]), texRes=128, units='norm', win=Window(...))
504.4682 	EXP 	text_2: autoDraw = True
505.5018 	EXP 	Imported direction.xlsx as conditions, 4 conditions, 1 params
505.5092 	EXP 	Created sequence: random, trialTypes=4, nReps=10, seed=None
505.5100 	EXP 	New trial (rep=0, index=0): OrderedDict([('Direction', 'Down.png')])
505.5548 	EXP 	text_2: autoDraw = False
505.5548 	EXP 	text_2: autoDraw = False
505.5548 	EXP 	image: image = 'Down.png'
505.5548 	EXP 	image: autoDraw = True
508.4626 	EXP 	image: autoDraw = False
508.4626 	EXP 	image_2: autoDraw = True
510.7207 	EXP 	New trial (rep=0, index=1): OrderedDict([('Direction', 'Left.png')])
510.7702 	EXP 	image_2: autoDraw = False
510.7702 	EXP 	image_2: autoDraw = False
510.7702 	EXP 	image: image = 'Left.png'
510.7702 	EXP 	image: autoDraw = True
513.7271 	EXP 	image: autoDraw = False
513.7271 	EXP 	image: autoDraw = False
513.7271 	EXP 	image_2: autoDraw = True
514.9650 	DATA 	Keypress: escape
515.2736 	EXP 	window1: mouseVisible = True
