11.2178 	WARNING 	User requested fullscreen with size [1366  768], but screen is actually [1440, 900]. Using actual size
12.2128 	EXP 	Created window1 = Window(allowGUI=False, allowStencil=False, args=UNKNOWN, autoLog=True, bitsMode=UNKNOWN, blendMode='avg', color='black', colorSpace='named', fullscr=<method-wrapper '__getattribute__' of attributeSetter object at 0x129079cc0>, gamma=None, kwargs=UNKNOWN, lms=UNKNOWN, monitor=<psychopy.monitors.calibTools.Monitor object at 0x129ee9be0>, multiSample=False, name='window1', numSamples=2, pos=[0.0, 0.0], screen=0, size=array([1440,  900]), stereo=False, units='norm', useFBO=True, useRetina=False, viewOri=0.0, viewPos=None, viewScale=None, waitBlanking=True, winType='pyglet')
12.2128 	EXP 	window1: recordFrameIntervals = False
12.3796 	EXP 	window1: recordFrameIntervals = True
12.5639 	EXP 	window1: recordFrameIntervals = False
12.8871 	EXP 	Created text_2 = TextStim(__class__=<class 'psychopy.visual.text.TextStim'>, alignHoriz='center', alignVert='center', antialias=True, autoLog=True, bold=False, color='white', colorSpace='named', contrast=1.0, depth=0.0, flipHoriz=False, flipVert=False, font='Arial', fontFiles=[], height=0.1, italic=False, languageStyle='LTR', name='text_2', opacity=1.0, ori=0, pos=array([0., 0.]), rgb=array([255., 255., 255.]), text=str(...), units='norm', win=Window(...), wrapWidth=1)
12.8928 	EXP 	Created image = ImageStim(__class__=<class 'psychopy.visual.image.ImageStim'>, autoLog=True, color=array([1., 1., 1.]), colorSpace='rgb', contrast=1.0, depth=0.0, flipHoriz=False, flipVert=False, image='sin', interpolate=True, mask=None, maskParams=None, name='image', opacity=1.0, ori=0.0, pos=array([0., 0.]), size=array([0.282, 0.5  ]), texRes=128, units='norm', win=Window(...))
13.2704 	EXP 	Created image_2 = ImageStim(__class__=<class 'psychopy.visual.image.ImageStim'>, autoLog=True, color=array([1., 1., 1.]), colorSpace='rgb', contrast=1.0, depth=0.0, flipHoriz=False, flipVert=False, image='fixationCross.png', interpolate=True, mask=None, maskParams=None, name='image_2', opacity=1.0, ori=0.0, pos=array([0., 0.]), size=array([0.141, 0.25 ]), texRes=128, units='norm', win=Window(...))
13.3331 	EXP 	text_2: autoDraw = True
20.3710 	EXP 	Imported direction.xlsx as conditions, 4 conditions, 1 params
20.3812 	EXP 	Created sequence: random, trialTypes=4, nReps=15, seed=None
20.3837 	EXP 	New trial (rep=0, index=0): OrderedDict([('Direction', 'Right.png')])
20.4674 	EXP 	text_2: autoDraw = False
20.4674 	EXP 	text_2: autoDraw = False
20.4674 	EXP 	image: image = 'Right.png'
20.4674 	EXP 	image: autoDraw = True
24.2946 	EXP 	image: autoDraw = False
24.2946 	EXP 	image_2: autoDraw = True
27.2873 	EXP 	New trial (rep=0, index=1): OrderedDict([('Direction', 'Left.png')])
27.3202 	EXP 	image_2: autoDraw = False
27.3202 	EXP 	image_2: autoDraw = False
27.3202 	EXP 	image: image = 'Left.png'
27.3202 	EXP 	image: autoDraw = True
27.8068 	DATA 	Keypress: escape
28.1394 	EXP 	window1: mouseVisible = True
