12.3005 	WARNING 	User requested fullscreen with size [1366  768], but screen is actually [1440, 900]. Using actual size
13.3216 	EXP 	Created window1 = Window(allowGUI=False, allowStencil=False, args=UNKNOWN, autoLog=True, bitsMode=UNKNOWN, blendMode='avg', color='black', colorSpace='named', fullscr=<method-wrapper '__getattribute__' of attributeSetter object at 0x124f86d68>, gamma=None, kwargs=UNKNOWN, lms=UNKNOWN, monitor=<psychopy.monitors.calibTools.Monitor object at 0x12a88d240>, multiSample=False, name='window1', numSamples=2, pos=[0.0, 0.0], screen=0, size=array([1440,  900]), stereo=False, units='norm', useFBO=True, useRetina=False, viewOri=0.0, viewPos=None, viewScale=None, waitBlanking=True, winType='pyglet')
13.3217 	EXP 	window1: recordFrameIntervals = False
13.4877 	EXP 	window1: recordFrameIntervals = True
13.6260 	WARNING 	t of last frame was 21.94ms (=1/45)
13.8054 	EXP 	window1: recordFrameIntervals = False
14.0319 	EXP 	Created text_2 = TextStim(__class__=<class 'psychopy.visual.text.TextStim'>, alignHoriz='center', alignVert='center', antialias=True, autoLog=True, bold=False, color='grey', colorSpace='named', contrast=1.0, depth=0.0, flipHoriz=False, flipVert=False, font='Arial', fontFiles=[], height=0.1, italic=False, languageStyle='LTR', name='text_2', opacity=1.0, ori=0, pos=array([0., 0.]), rgb=array([128., 128., 128.]), text=str(...), units='norm', win=Window(...), wrapWidth=1)
14.0573 	EXP 	Created image = ImageStim(__class__=<class 'psychopy.visual.image.ImageStim'>, autoLog=True, color=array([1., 1., 1.]), colorSpace='rgb', contrast=1.0, depth=0.0, flipHoriz=False, flipVert=False, image='sin', interpolate=True, mask=None, maskParams=None, name='image', opacity=1.0, ori=0.0, pos=array([0., 0.]), size=array([0.282, 0.5  ]), texRes=128, units='norm', win=Window(...))
14.1928 	EXP 	Created image_2 = ImageStim(__class__=<class 'psychopy.visual.image.ImageStim'>, autoLog=True, color=array([1., 1., 1.]), colorSpace='rgb', contrast=1.0, depth=0.0, flipHoriz=False, flipVert=False, image='fixationCross.png', interpolate=True, mask=None, maskParams=None, name='image_2', opacity=1.0, ori=0.0, pos=array([0., 0.]), size=array([0.141, 0.25 ]), texRes=128, units='norm', win=Window(...))
14.2230 	EXP 	text_2: autoDraw = True
21.2314 	EXP 	Imported direction.xlsx as conditions, 4 conditions, 1 params
21.2330 	EXP 	Created sequence: random, trialTypes=4, nReps=15, seed=None
21.2341 	EXP 	New trial (rep=0, index=0): OrderedDict([('Direction', 'Up.png')])
21.2929 	EXP 	text_2: autoDraw = False
21.2929 	EXP 	text_2: autoDraw = False
21.2929 	EXP 	image: image = 'Up.png'
21.2929 	EXP 	image: autoDraw = True
25.2198 	EXP 	image: autoDraw = False
25.2198 	EXP 	image_2: autoDraw = True
26.8912 	DATA 	Keypress: escape
27.2075 	EXP 	window1: mouseVisible = True
